<?xml version="1.0" encoding="UTF-8"?>
<testng-results skipped="0" failed="0" ignored="0" total="1" passed="1">
  <reporter-output>
  </reporter-output>
  <suite name="Default suite" duration-ms="1306" started-at="2020-05-22T16:32:09 IST" finished-at="2020-05-22T16:32:10 IST">
    <groups>
    </groups>
    <test name="Default test" duration-ms="1306" started-at="2020-05-22T16:32:09 IST" finished-at="2020-05-22T16:32:10 IST">
      <class name="com.slack.test.base.LaunchTest_01">
        <test-method status="PASS" signature="TestData()[pri:0, instance:com.slack.test.base.LaunchTest_01@76f2b07d]" name="TestData" duration-ms="1261" started-at="2020-05-22T16:32:09 IST" finished-at="2020-05-22T16:32:10 IST">
          <reporter-output>
          </reporter-output>
        </test-method> <!-- TestData -->
      </class> <!-- com.slack.test.base.LaunchTest_01 -->
    </test> <!-- Default test -->
  </suite> <!-- Default suite -->
</testng-results>
